<?xml version="1.0" encoding="UTF-8"?>
<testsuite xmlns:xsi="http://www.w3.org/2001/XMLSchema-instance" xsi:noNamespaceSchemaLocation="https://maven.apache.org/surefire/maven-surefire-plugin/xsd/surefire-test-report.xsd" name="org.example.AppTest" time="1.95" tests="1" errors="0" skipped="0" failures="0">
  <properties>
    <property name="sun.desktop" value="windows"/>
    <property name="awt.toolkit" value="sun.awt.windows.WToolkit"/>
    <property name="java.specification.version" value="11"/>
    <property name="sun.cpu.isalist" value="amd64"/>
    <property name="sun.jnu.encoding" value="Cp1252"/>
    <property name="java.class.path" value="C:\projetos\java\MVC\digital one\recomender\untitled\recomender\target\test-classes;C:\projetos\java\MVC\digital one\recomender\untitled\recomender\target\classes;C:\Users\Padrão\.m2\repository\junit\junit\4.11\junit-4.11.jar;C:\Users\Padrão\.m2\repository\org\hamcrest\hamcrest-core\1.3\hamcrest-core-1.3.jar;C:\Users\Padrão\.m2\repository\org\apache\hadoop\hadoop-client\2.7.2\hadoop-client-2.7.2.jar;C:\Users\Padrão\.m2\repository\org\apache\hadoop\hadoop-common\2.7.2\hadoop-common-2.7.2.jar;C:\Users\Padrão\.m2\repository\xmlenc\xmlenc\0.52\xmlenc-0.52.jar;C:\Users\Padrão\.m2\repository\commons-httpclient\commons-httpclient\3.1\commons-httpclient-3.1.jar;C:\Users\Padrão\.m2\repository\commons-codec\commons-codec\1.4\commons-codec-1.4.jar;C:\Users\Padrão\.m2\repository\commons-io\commons-io\2.4\commons-io-2.4.jar;C:\Users\Padrão\.m2\repository\commons-net\commons-net\3.1\commons-net-3.1.jar;C:\Users\Padrão\.m2\repository\commons-collections\commons-collections\3.2.2\commons-collections-3.2.2.jar;C:\Users\Padrão\.m2\repository\javax\servlet\jsp\jsp-api\2.1\jsp-api-2.1.jar;C:\Users\Padrão\.m2\repository\commons-logging\commons-logging\1.1.3\commons-logging-1.1.3.jar;C:\Users\Padrão\.m2\repository\log4j\log4j\1.2.17\log4j-1.2.17.jar;C:\Users\Padrão\.m2\repository\commons-lang\commons-lang\2.6\commons-lang-2.6.jar;C:\Users\Padrão\.m2\repository\commons-configuration\commons-configuration\1.6\commons-configuration-1.6.jar;C:\Users\Padrão\.m2\repository\commons-digester\commons-digester\1.8\commons-digester-1.8.jar;C:\Users\Padrão\.m2\repository\commons-beanutils\commons-beanutils\1.7.0\commons-beanutils-1.7.0.jar;C:\Users\Padrão\.m2\repository\commons-beanutils\commons-beanutils-core\1.8.0\commons-beanutils-core-1.8.0.jar;C:\Users\Padrão\.m2\repository\org\slf4j\slf4j-log4j12\1.7.10\slf4j-log4j12-1.7.10.jar;C:\Users\Padrão\.m2\repository\org\codehaus\jackson\jackson-core-asl\1.9.13\jackson-core-asl-1.9.13.jar;C:\Users\Padrão\.m2\repository\org\codehaus\jackson\jackson-mapper-asl\1.9.13\jackson-mapper-asl-1.9.13.jar;C:\Users\Padrão\.m2\repository\org\apache\avro\avro\1.7.4\avro-1.7.4.jar;C:\Users\Padrão\.m2\repository\com\thoughtworks\paranamer\paranamer\2.3\paranamer-2.3.jar;C:\Users\Padrão\.m2\repository\org\xerial\snappy\snappy-java\1.0.4.1\snappy-java-1.0.4.1.jar;C:\Users\Padrão\.m2\repository\com\google\protobuf\protobuf-java\2.5.0\protobuf-java-2.5.0.jar;C:\Users\Padrão\.m2\repository\com\google\code\gson\gson\2.2.4\gson-2.2.4.jar;C:\Users\Padrão\.m2\repository\org\apache\hadoop\hadoop-auth\2.7.2\hadoop-auth-2.7.2.jar;C:\Users\Padrão\.m2\repository\org\apache\httpcomponents\httpclient\4.2.5\httpclient-4.2.5.jar;C:\Users\Padrão\.m2\repository\org\apache\httpcomponents\httpcore\4.2.4\httpcore-4.2.4.jar;C:\Users\Padrão\.m2\repository\org\apache\directory\server\apacheds-kerberos-codec\2.0.0-M15\apacheds-kerberos-codec-2.0.0-M15.jar;C:\Users\Padrão\.m2\repository\org\apache\directory\server\apacheds-i18n\2.0.0-M15\apacheds-i18n-2.0.0-M15.jar;C:\Users\Padrão\.m2\repository\org\apache\directory\api\api-asn1-api\1.0.0-M20\api-asn1-api-1.0.0-M20.jar;C:\Users\Padrão\.m2\repository\org\apache\directory\api\api-util\1.0.0-M20\api-util-1.0.0-M20.jar;C:\Users\Padrão\.m2\repository\org\apache\curator\curator-framework\2.7.1\curator-framework-2.7.1.jar;C:\Users\Padrão\.m2\repository\org\apache\curator\curator-client\2.7.1\curator-client-2.7.1.jar;C:\Users\Padrão\.m2\repository\org\apache\curator\curator-recipes\2.7.1\curator-recipes-2.7.1.jar;C:\Users\Padrão\.m2\repository\com\google\code\findbugs\jsr305\3.0.0\jsr305-3.0.0.jar;C:\Users\Padrão\.m2\repository\org\apache\htrace\htrace-core\3.1.0-incubating\htrace-core-3.1.0-incubating.jar;C:\Users\Padrão\.m2\repository\org\apache\zookeeper\zookeeper\3.4.6\zookeeper-3.4.6.jar;C:\Users\Padrão\.m2\repository\org\apache\commons\commons-compress\1.4.1\commons-compress-1.4.1.jar;C:\Users\Padrão\.m2\repository\org\tukaani\xz\1.0\xz-1.0.jar;C:\Users\Padrão\.m2\repository\org\apache\hadoop\hadoop-hdfs\2.7.2\hadoop-hdfs-2.7.2.jar;C:\Users\Padrão\.m2\repository\org\mortbay\jetty\jetty-util\6.1.26\jetty-util-6.1.26.jar;C:\Users\Padrão\.m2\repository\io\netty\netty\3.6.2.Final\netty-3.6.2.Final.jar;C:\Users\Padrão\.m2\repository\io\netty\netty-all\4.0.23.Final\netty-all-4.0.23.Final.jar;C:\Users\Padrão\.m2\repository\xerces\xercesImpl\2.9.1\xercesImpl-2.9.1.jar;C:\Users\Padrão\.m2\repository\xml-apis\xml-apis\1.3.04\xml-apis-1.3.04.jar;C:\Users\Padrão\.m2\repository\org\fusesource\leveldbjni\leveldbjni-all\1.8\leveldbjni-all-1.8.jar;C:\Users\Padrão\.m2\repository\org\apache\hadoop\hadoop-mapreduce-client-app\2.7.2\hadoop-mapreduce-client-app-2.7.2.jar;C:\Users\Padrão\.m2\repository\org\apache\hadoop\hadoop-mapreduce-client-common\2.7.2\hadoop-mapreduce-client-common-2.7.2.jar;C:\Users\Padrão\.m2\repository\org\apache\hadoop\hadoop-yarn-client\2.7.2\hadoop-yarn-client-2.7.2.jar;C:\Users\Padrão\.m2\repository\org\apache\hadoop\hadoop-yarn-server-common\2.7.2\hadoop-yarn-server-common-2.7.2.jar;C:\Users\Padrão\.m2\repository\org\apache\hadoop\hadoop-mapreduce-client-shuffle\2.7.2\hadoop-mapreduce-client-shuffle-2.7.2.jar;C:\Users\Padrão\.m2\repository\org\apache\hadoop\hadoop-yarn-api\2.7.2\hadoop-yarn-api-2.7.2.jar;C:\Users\Padrão\.m2\repository\org\apache\hadoop\hadoop-mapreduce-client-core\2.7.2\hadoop-mapreduce-client-core-2.7.2.jar;C:\Users\Padrão\.m2\repository\org\apache\hadoop\hadoop-yarn-common\2.7.2\hadoop-yarn-common-2.7.2.jar;C:\Users\Padrão\.m2\repository\javax\xml\bind\jaxb-api\2.2.2\jaxb-api-2.2.2.jar;C:\Users\Padrão\.m2\repository\javax\xml\stream\stax-api\1.0-2\stax-api-1.0-2.jar;C:\Users\Padrão\.m2\repository\javax\activation\activation\1.1\activation-1.1.jar;C:\Users\Padrão\.m2\repository\javax\servlet\servlet-api\2.5\servlet-api-2.5.jar;C:\Users\Padrão\.m2\repository\com\sun\jersey\jersey-core\1.9\jersey-core-1.9.jar;C:\Users\Padrão\.m2\repository\com\sun\jersey\jersey-client\1.9\jersey-client-1.9.jar;C:\Users\Padrão\.m2\repository\org\codehaus\jackson\jackson-jaxrs\1.9.13\jackson-jaxrs-1.9.13.jar;C:\Users\Padrão\.m2\repository\org\codehaus\jackson\jackson-xc\1.9.13\jackson-xc-1.9.13.jar;C:\Users\Padrão\.m2\repository\org\apache\hadoop\hadoop-mapreduce-client-jobclient\2.7.2\hadoop-mapreduce-client-jobclient-2.7.2.jar;C:\Users\Padrão\.m2\repository\org\apache\hadoop\hadoop-annotations\2.7.2\hadoop-annotations-2.7.2.jar;C:\Users\Padrão\.m2\repository\org\apache\mahout\mahout-mr\0.12.2\mahout-mr-0.12.2.jar;C:\Users\Padrão\.m2\repository\org\apache\mahout\mahout-math\0.12.2\mahout-math-0.12.2.jar;C:\Users\Padrão\.m2\repository\it\unimi\dsi\fastutil\7.0.12\fastutil-7.0.12.jar;C:\Users\Padrão\.m2\repository\com\tdunning\t-digest\3.1\t-digest-3.1.jar;C:\Users\Padrão\.m2\repository\org\apache\mahout\mahout-hdfs\0.12.2\mahout-hdfs-0.12.2.jar;C:\Users\Padrão\.m2\repository\com\google\guava\guava\11.0.2\guava-11.0.2.jar;C:\Users\Padrão\.m2\repository\com\fasterxml\jackson\core\jackson-core\2.7.4\jackson-core-2.7.4.jar;C:\Users\Padrão\.m2\repository\org\slf4j\slf4j-api\1.7.19\slf4j-api-1.7.19.jar;C:\Users\Padrão\.m2\repository\org\apache\commons\commons-lang3\3.1\commons-lang3-3.1.jar;C:\Users\Padrão\.m2\repository\commons-cli\commons-cli\1.2\commons-cli-1.2.jar;C:\Users\Padrão\.m2\repository\com\thoughtworks\xstream\xstream\1.4.4\xstream-1.4.4.jar;C:\Users\Padrão\.m2\repository\xmlpull\xmlpull\1.1.3.1\xmlpull-1.1.3.1.jar;C:\Users\Padrão\.m2\repository\xpp3\xpp3_min\1.1.4c\xpp3_min-1.1.4c.jar;C:\Users\Padrão\.m2\repository\org\apache\lucene\lucene-core\4.6.1\lucene-core-4.6.1.jar;C:\Users\Padrão\.m2\repository\org\apache\lucene\lucene-analyzers-common\4.6.1\lucene-analyzers-common-4.6.1.jar;C:\Users\Padrão\.m2\repository\org\apache\mahout\commons\commons-cli\2.0-mahout\commons-cli-2.0-mahout.jar;C:\Users\Padrão\.m2\repository\org\apache\commons\commons-math3\3.2\commons-math3-3.2.jar;C:\Users\Padrão\.m2\repository\org\apache\solr\solr-commons-csv\3.5.0\solr-commons-csv-3.5.0.jar;"/>
    <property name="java.vm.vendor" value="Oracle Corporation"/>
    <property name="sun.arch.data.model" value="64"/>
    <property name="user.variant" value=""/>
    <property name="java.vendor.url" value="http://java.oracle.com/"/>
    <property name="user.timezone" value="America/Sao_Paulo"/>
    <property name="java.vm.specification.version" value="11"/>
    <property name="os.name" value="Windows 7"/>
    <property name="sun.java.launcher" value="SUN_STANDARD"/>
    <property name="user.country" value="BR"/>
    <property name="sun.boot.library.path" value="C:\Program Files (x86)\Java\jdk-11.0.2\bin"/>
    <property name="sun.java.command" value="C:\Users\PADRO~1\AppData\Local\Temp\surefire7599239598977202072\surefirebooter16904923238742180239.jar C:\Users\Padrão\AppData\Local\Temp\surefire7599239598977202072 2020-07-01T12-44-23_722-jvmRun1 surefire740869442163354944tmp surefire_01621071115507541993tmp"/>
    <property name="jdk.debug" value="release"/>
    <property name="surefire.test.class.path" value="C:\projetos\java\MVC\digital one\recomender\untitled\recomender\target\test-classes;C:\projetos\java\MVC\digital one\recomender\untitled\recomender\target\classes;C:\Users\Padrão\.m2\repository\junit\junit\4.11\junit-4.11.jar;C:\Users\Padrão\.m2\repository\org\hamcrest\hamcrest-core\1.3\hamcrest-core-1.3.jar;C:\Users\Padrão\.m2\repository\org\apache\hadoop\hadoop-client\2.7.2\hadoop-client-2.7.2.jar;C:\Users\Padrão\.m2\repository\org\apache\hadoop\hadoop-common\2.7.2\hadoop-common-2.7.2.jar;C:\Users\Padrão\.m2\repository\xmlenc\xmlenc\0.52\xmlenc-0.52.jar;C:\Users\Padrão\.m2\repository\commons-httpclient\commons-httpclient\3.1\commons-httpclient-3.1.jar;C:\Users\Padrão\.m2\repository\commons-codec\commons-codec\1.4\commons-codec-1.4.jar;C:\Users\Padrão\.m2\repository\commons-io\commons-io\2.4\commons-io-2.4.jar;C:\Users\Padrão\.m2\repository\commons-net\commons-net\3.1\commons-net-3.1.jar;C:\Users\Padrão\.m2\repository\commons-collections\commons-collections\3.2.2\commons-collections-3.2.2.jar;C:\Users\Padrão\.m2\repository\javax\servlet\jsp\jsp-api\2.1\jsp-api-2.1.jar;C:\Users\Padrão\.m2\repository\commons-logging\commons-logging\1.1.3\commons-logging-1.1.3.jar;C:\Users\Padrão\.m2\repository\log4j\log4j\1.2.17\log4j-1.2.17.jar;C:\Users\Padrão\.m2\repository\commons-lang\commons-lang\2.6\commons-lang-2.6.jar;C:\Users\Padrão\.m2\repository\commons-configuration\commons-configuration\1.6\commons-configuration-1.6.jar;C:\Users\Padrão\.m2\repository\commons-digester\commons-digester\1.8\commons-digester-1.8.jar;C:\Users\Padrão\.m2\repository\commons-beanutils\commons-beanutils\1.7.0\commons-beanutils-1.7.0.jar;C:\Users\Padrão\.m2\repository\commons-beanutils\commons-beanutils-core\1.8.0\commons-beanutils-core-1.8.0.jar;C:\Users\Padrão\.m2\repository\org\slf4j\slf4j-log4j12\1.7.10\slf4j-log4j12-1.7.10.jar;C:\Users\Padrão\.m2\repository\org\codehaus\jackson\jackson-core-asl\1.9.13\jackson-core-asl-1.9.13.jar;C:\Users\Padrão\.m2\repository\org\codehaus\jackson\jackson-mapper-asl\1.9.13\jackson-mapper-asl-1.9.13.jar;C:\Users\Padrão\.m2\repository\org\apache\avro\avro\1.7.4\avro-1.7.4.jar;C:\Users\Padrão\.m2\repository\com\thoughtworks\paranamer\paranamer\2.3\paranamer-2.3.jar;C:\Users\Padrão\.m2\repository\org\xerial\snappy\snappy-java\1.0.4.1\snappy-java-1.0.4.1.jar;C:\Users\Padrão\.m2\repository\com\google\protobuf\protobuf-java\2.5.0\protobuf-java-2.5.0.jar;C:\Users\Padrão\.m2\repository\com\google\code\gson\gson\2.2.4\gson-2.2.4.jar;C:\Users\Padrão\.m2\repository\org\apache\hadoop\hadoop-auth\2.7.2\hadoop-auth-2.7.2.jar;C:\Users\Padrão\.m2\repository\org\apache\httpcomponents\httpclient\4.2.5\httpclient-4.2.5.jar;C:\Users\Padrão\.m2\repository\org\apache\httpcomponents\httpcore\4.2.4\httpcore-4.2.4.jar;C:\Users\Padrão\.m2\repository\org\apache\directory\server\apacheds-kerberos-codec\2.0.0-M15\apacheds-kerberos-codec-2.0.0-M15.jar;C:\Users\Padrão\.m2\repository\org\apache\directory\server\apacheds-i18n\2.0.0-M15\apacheds-i18n-2.0.0-M15.jar;C:\Users\Padrão\.m2\repository\org\apache\directory\api\api-asn1-api\1.0.0-M20\api-asn1-api-1.0.0-M20.jar;C:\Users\Padrão\.m2\repository\org\apache\directory\api\api-util\1.0.0-M20\api-util-1.0.0-M20.jar;C:\Users\Padrão\.m2\repository\org\apache\curator\curator-framework\2.7.1\curator-framework-2.7.1.jar;C:\Users\Padrão\.m2\repository\org\apache\curator\curator-client\2.7.1\curator-client-2.7.1.jar;C:\Users\Padrão\.m2\repository\org\apache\curator\curator-recipes\2.7.1\curator-recipes-2.7.1.jar;C:\Users\Padrão\.m2\repository\com\google\code\findbugs\jsr305\3.0.0\jsr305-3.0.0.jar;C:\Users\Padrão\.m2\repository\org\apache\htrace\htrace-core\3.1.0-incubating\htrace-core-3.1.0-incubating.jar;C:\Users\Padrão\.m2\repository\org\apache\zookeeper\zookeeper\3.4.6\zookeeper-3.4.6.jar;C:\Users\Padrão\.m2\repository\org\apache\commons\commons-compress\1.4.1\commons-compress-1.4.1.jar;C:\Users\Padrão\.m2\repository\org\tukaani\xz\1.0\xz-1.0.jar;C:\Users\Padrão\.m2\repository\org\apache\hadoop\hadoop-hdfs\2.7.2\hadoop-hdfs-2.7.2.jar;C:\Users\Padrão\.m2\repository\org\mortbay\jetty\jetty-util\6.1.26\jetty-util-6.1.26.jar;C:\Users\Padrão\.m2\repository\io\netty\netty\3.6.2.Final\netty-3.6.2.Final.jar;C:\Users\Padrão\.m2\repository\io\netty\netty-all\4.0.23.Final\netty-all-4.0.23.Final.jar;C:\Users\Padrão\.m2\repository\xerces\xercesImpl\2.9.1\xercesImpl-2.9.1.jar;C:\Users\Padrão\.m2\repository\xml-apis\xml-apis\1.3.04\xml-apis-1.3.04.jar;C:\Users\Padrão\.m2\repository\org\fusesource\leveldbjni\leveldbjni-all\1.8\leveldbjni-all-1.8.jar;C:\Users\Padrão\.m2\repository\org\apache\hadoop\hadoop-mapreduce-client-app\2.7.2\hadoop-mapreduce-client-app-2.7.2.jar;C:\Users\Padrão\.m2\repository\org\apache\hadoop\hadoop-mapreduce-client-common\2.7.2\hadoop-mapreduce-client-common-2.7.2.jar;C:\Users\Padrão\.m2\repository\org\apache\hadoop\hadoop-yarn-client\2.7.2\hadoop-yarn-client-2.7.2.jar;C:\Users\Padrão\.m2\repository\org\apache\hadoop\hadoop-yarn-server-common\2.7.2\hadoop-yarn-server-common-2.7.2.jar;C:\Users\Padrão\.m2\repository\org\apache\hadoop\hadoop-mapreduce-client-shuffle\2.7.2\hadoop-mapreduce-client-shuffle-2.7.2.jar;C:\Users\Padrão\.m2\repository\org\apache\hadoop\hadoop-yarn-api\2.7.2\hadoop-yarn-api-2.7.2.jar;C:\Users\Padrão\.m2\repository\org\apache\hadoop\hadoop-mapreduce-client-core\2.7.2\hadoop-mapreduce-client-core-2.7.2.jar;C:\Users\Padrão\.m2\repository\org\apache\hadoop\hadoop-yarn-common\2.7.2\hadoop-yarn-common-2.7.2.jar;C:\Users\Padrão\.m2\repository\javax\xml\bind\jaxb-api\2.2.2\jaxb-api-2.2.2.jar;C:\Users\Padrão\.m2\repository\javax\xml\stream\stax-api\1.0-2\stax-api-1.0-2.jar;C:\Users\Padrão\.m2\repository\javax\activation\activation\1.1\activation-1.1.jar;C:\Users\Padrão\.m2\repository\javax\servlet\servlet-api\2.5\servlet-api-2.5.jar;C:\Users\Padrão\.m2\repository\com\sun\jersey\jersey-core\1.9\jersey-core-1.9.jar;C:\Users\Padrão\.m2\repository\com\sun\jersey\jersey-client\1.9\jersey-client-1.9.jar;C:\Users\Padrão\.m2\repository\org\codehaus\jackson\jackson-jaxrs\1.9.13\jackson-jaxrs-1.9.13.jar;C:\Users\Padrão\.m2\repository\org\codehaus\jackson\jackson-xc\1.9.13\jackson-xc-1.9.13.jar;C:\Users\Padrão\.m2\repository\org\apache\hadoop\hadoop-mapreduce-client-jobclient\2.7.2\hadoop-mapreduce-client-jobclient-2.7.2.jar;C:\Users\Padrão\.m2\repository\org\apache\hadoop\hadoop-annotations\2.7.2\hadoop-annotations-2.7.2.jar;C:\Users\Padrão\.m2\repository\org\apache\mahout\mahout-mr\0.12.2\mahout-mr-0.12.2.jar;C:\Users\Padrão\.m2\repository\org\apache\mahout\mahout-math\0.12.2\mahout-math-0.12.2.jar;C:\Users\Padrão\.m2\repository\it\unimi\dsi\fastutil\7.0.12\fastutil-7.0.12.jar;C:\Users\Padrão\.m2\repository\com\tdunning\t-digest\3.1\t-digest-3.1.jar;C:\Users\Padrão\.m2\repository\org\apache\mahout\mahout-hdfs\0.12.2\mahout-hdfs-0.12.2.jar;C:\Users\Padrão\.m2\repository\com\google\guava\guava\11.0.2\guava-11.0.2.jar;C:\Users\Padrão\.m2\repository\com\fasterxml\jackson\core\jackson-core\2.7.4\jackson-core-2.7.4.jar;C:\Users\Padrão\.m2\repository\org\slf4j\slf4j-api\1.7.19\slf4j-api-1.7.19.jar;C:\Users\Padrão\.m2\repository\org\apache\commons\commons-lang3\3.1\commons-lang3-3.1.jar;C:\Users\Padrão\.m2\repository\commons-cli\commons-cli\1.2\commons-cli-1.2.jar;C:\Users\Padrão\.m2\repository\com\thoughtworks\xstream\xstream\1.4.4\xstream-1.4.4.jar;C:\Users\Padrão\.m2\repository\xmlpull\xmlpull\1.1.3.1\xmlpull-1.1.3.1.jar;C:\Users\Padrão\.m2\repository\xpp3\xpp3_min\1.1.4c\xpp3_min-1.1.4c.jar;C:\Users\Padrão\.m2\repository\org\apache\lucene\lucene-core\4.6.1\lucene-core-4.6.1.jar;C:\Users\Padrão\.m2\repository\org\apache\lucene\lucene-analyzers-common\4.6.1\lucene-analyzers-common-4.6.1.jar;C:\Users\Padrão\.m2\repository\org\apache\mahout\commons\commons-cli\2.0-mahout\commons-cli-2.0-mahout.jar;C:\Users\Padrão\.m2\repository\org\apache\commons\commons-math3\3.2\commons-math3-3.2.jar;C:\Users\Padrão\.m2\repository\org\apache\solr\solr-commons-csv\3.5.0\solr-commons-csv-3.5.0.jar;"/>
    <property name="sun.cpu.endian" value="little"/>
    <property name="user.home" value="C:\Users\Padrão"/>
    <property name="user.language" value="pt"/>
    <property name="java.specification.vendor" value="Oracle Corporation"/>
    <property name="java.version.date" value="2019-01-15"/>
    <property name="java.home" value="C:\Program Files (x86)\Java\jdk-11.0.2"/>
    <property name="file.separator" value="\"/>
    <property name="basedir" value="C:\projetos\java\MVC\digital one\recomender\untitled\recomender"/>
    <property name="java.vm.compressedOopsMode" value="32-bit"/>
    <property name="line.separator" value="&#10;"/>
    <property name="java.specification.name" value="Java Platform API Specification"/>
    <property name="java.vm.specification.vendor" value="Oracle Corporation"/>
    <property name="java.awt.graphicsenv" value="sun.awt.Win32GraphicsEnvironment"/>
    <property name="idea.version2020.1.1" value="true"/>
    <property name="surefire.real.class.path" value="C:\Users\PADRO~1\AppData\Local\Temp\surefire7599239598977202072\surefirebooter16904923238742180239.jar"/>
    <property name="user.script" value=""/>
    <property name="sun.management.compiler" value="HotSpot 64-Bit Tiered Compilers"/>
    <property name="java.runtime.version" value="11.0.2+9"/>
    <property name="user.name" value="Padrão"/>
    <property name="path.separator" value=";"/>
    <property name="os.version" value="6.1"/>
    <property name="java.runtime.name" value="OpenJDK Runtime Environment"/>
    <property name="file.encoding" value="Cp1252"/>
    <property name="java.vm.name" value="OpenJDK 64-Bit Server VM"/>
    <property name="java.vendor.version" value="18.9"/>
    <property name="localRepository" value="C:\Users\Padrão\.m2\repository"/>
    <property name="java.vendor.url.bug" value="http://bugreport.java.com/bugreport/"/>
    <property name="java.io.tmpdir" value="C:\Users\PADRO~1\AppData\Local\Temp\"/>
    <property name="java.version" value="11.0.2"/>
    <property name="user.dir" value="C:\projetos\java\MVC\digital one\recomender\untitled\recomender"/>
    <property name="os.arch" value="amd64"/>
    <property name="java.vm.specification.name" value="Java Virtual Machine Specification"/>
    <property name="java.awt.printerjob" value="sun.awt.windows.WPrinterJob"/>
    <property name="sun.os.patch.level" value="Service Pack 1"/>
    <property name="java.library.path" value="C:\Program Files (x86)\Java\jdk-11.0.2\bin;C:\Windows\Sun\Java\bin;C:\Windows\system32;C:\Windows;C:\Program Files\Common Files\Microsoft Shared\Windows Live;C:\Windows\system32;C:\Windows;C:\Windows\System32\Wbem;C:\Windows\System32\WindowsPowerShell\v1.0\;C:\Program Files\Git\cmd;C:\Program Files (x86)\Java\jdk-11.0.2\bin;."/>
    <property name="java.vendor" value="Oracle Corporation"/>
    <property name="java.vm.info" value="mixed mode"/>
    <property name="java.vm.version" value="11.0.2+9"/>
    <property name="sun.io.unicode.encoding" value="UnicodeLittle"/>
    <property name="java.class.version" value="55.0"/>
  </properties>
  <testcase name="shouldAnswerWithTrue" classname="org.example.AppTest" time="0.015"/>
</testsuite>